================================================================================
Coeffients:
a[0] = 0.0, b[0] = 10.0
epsilon = 1e-06
max iteration = 50
--------------------------------------------------------------------------------
Root = 3.1622767448425293
Fuction(Root) = -5.789028136859997e-06
Iter   a            b            root         f(root)      len(Interval)
--------------------------------------------------------------------------------
1      0.000000     10.000000    5.000000     +15.000000   10.000000   
2      0.000000     5.000000     2.500000     -3.750000    5.000000    
3      2.500000     5.000000     3.750000     +4.062500    2.500000    
4      2.500000     3.750000     3.125000     -0.234375    1.250000    
5      3.125000     3.750000     3.437500     +1.816406    0.625000    
6      3.125000     3.437500     3.281250     +0.766602    0.312500    
7      3.125000     3.281250     3.203125     +0.260010    0.156250    
8      3.125000     3.203125     3.164062     +0.011292    0.078125    
9      3.125000     3.164062     3.144531     -0.111923    0.039062    
10     3.144531     3.164062     3.154297     -0.050411    0.019531    
11     3.154297     3.164062     3.159180     -0.019584    0.009766    
12     3.159180     3.164062     3.161621     -0.004152    0.004883    
13     3.161621     3.164062     3.162842     +0.003568    0.002441    
14     3.161621     3.162842     3.162231     -0.000292    0.001221    
15     3.162231     3.162842     3.162537     +0.001638    0.000610    
16     3.162231     3.162537     3.162384     +0.000673    0.000305    
17     3.162231     3.162384     3.162308     +0.000190    0.000153    
18     3.162231     3.162308     3.162270     -0.000051    0.000076    
19     3.162270     3.162308     3.162289     +0.000070    0.000038    
20     3.162270     3.162289     3.162279     +0.000009    0.000019    
21     3.162270     3.162279     3.162274     -0.000021    0.000010    
22     3.162274     3.162279     3.162277     -0.000006    0.000005    
================================================================================
Actual root = 3.1622776601683795
