Figure saved to: figure/q2_1.png
=======================================================
Coeffients:
start point = 0.05844060614042408
epsilon = 1e-06
max iteration = 50
-------------------------------------------------------
x_opt = -0.011972002287439908
Fuction(x_opt) = -31.342912590496397
Iter   x            f(x)         |f(x*) - f(x)|
-------------------------------------------------------
0      0.058441     -31.398649   0.055736    
1      -0.009099    -31.343003   0.000091    
2      -0.011969    -31.342913   0.000000    
3      -0.011972    -31.342913   0.000000    
4      -0.011972    -31.342913   0.000000    
=======================================================
Moment Estimation = 0.05844060614042408
L(Moment Estimation) = -31.39864865411852



Figure saved to: figure/q2_2.png
=======================================================
Coeffients:
start point = -2.7
epsilon = 1e-06
max iteration = 50
-------------------------------------------------------
x_opt = -2.6666999261009474
Fuction(x_opt) = -68.39918954500509
Iter   x            f(x)         |f(x*) - f(x)|
-------------------------------------------------------
0      -2.700000    -68.839734   0.440544    
1      -2.674114    -68.419692   0.020502    
2      -2.666794    -68.399193   0.000003    
3      -2.666700    -68.399190   0.000000    
4      -2.666700    -68.399190   0.000000    
=======================================================
Moment Estimation = 0.05844060614042408
L(Moment Estimation) = -31.39864865411852



Figure saved to: figure/q2_3.png
=======================================================
Coeffients:
start point = 2.7
epsilon = 1e-06
max iteration = 50
-------------------------------------------------------
x_opt = 2.8730945142450826
Fuction(x_opt) = -63.80565047505033
Iter   x            f(x)         |f(x*) - f(x)|
-------------------------------------------------------
0      2.700000     -67.018320   3.212670    
1      2.825724     -64.060152   0.254501    
2      2.877549     -63.808175   0.002524    
3      2.873184     -63.805651   0.000001    
4      2.873095     -63.805650   0.000000    
5      2.873095     -63.805650   0.000000    
=======================================================
Moment Estimation = 0.05844060614042408
L(Moment Estimation) = -31.39864865411852



