Figure saved to: figure/q3_fixed_point_1_1.png
=======================================================
Coeffients:
start point = -1
alpha = 1
epsilon = 1e-06
max iteration = 50
-------------------------------------------------------
x_opt = 0.5658034817061666
Fuction(x_opt) = -73.6798911084295
Iter   x            f(x)         |f(x*) - f(x)|
-------------------------------------------------------
0      -1.000000    -73.733690   0.053799    
1      0.921416     -74.202316   0.522425    
2      -0.326008    -72.942608   0.737283    
3      0.067882     -73.021397   0.658494    
4      -0.735700    -73.306948   0.372943    
5      0.594531     -73.725572   0.045681    
6      -0.993625    -73.721492   0.041601    
7      0.911697     -74.190114   0.510223    
8      -0.351929    -72.953744   0.726147    
9      0.113077     -73.060619   0.619273    
10     -0.817789    -73.423086   0.256805    
11     0.682683     -73.864112   0.184221    
12     -0.864757    -73.495930   0.183961    
13     0.737292     -73.947405   0.267514    
14     -0.763237    -73.344354   0.335537    
15     0.623366     -73.771259   0.091368    
16     -0.956545    -73.652550   0.027341    
17     0.857311     -74.119019   0.439128    
18     -0.492046    -73.044131   0.635761    
19     0.323767     -73.310143   0.369748    
20     -1.074286    -73.883600   0.203708    
21     1.042781     -74.340712   0.660821    
22     0.013763     -72.982220   0.697671    
23     -0.629214    -73.176826   0.503066    
24     0.484063     -73.550375   0.129516    
25     -1.086267    -73.909159   0.229268    
26     1.063752     -74.361875   0.681984    
27     0.074512     -73.026788   0.653103    
28     -0.748178    -73.323706   0.356186    
29     0.607533     -73.746201   0.066310    
30     -0.977539    -73.691167   0.011275    
31     0.887658     -74.159266   0.479375    
32     -0.414949    -72.988301   0.691590    
33     0.214801     -73.168704   0.511187    
34     -0.971359    -73.679686   0.000205    
35     0.878605     -74.147408   0.467517    
36     -0.438251    -73.003654   0.676237    
37     0.249476     -73.211154   0.468737    
38     -1.011721    -73.756385   0.076494    
39     0.939569     -74.224682   0.544791    
40     -0.276966    -72.926689   0.753203    
41     -0.022685    -72.960815   0.719076    
42     -0.553829    -73.098850   0.581042    
43     0.400267     -73.421317   0.258574    
44     -1.101698    -73.942669   0.262778    
45     1.091326     -74.388427   0.708536    
46     0.154831     -73.101820   0.578071    
47     -0.886619    -73.531486   0.148406    
48     0.764144     -73.987322   0.307431    
49     -0.707893    -73.270745   0.409146    
50     0.565803     -73.679891   0.000000    
=======================================================



Figure saved to: figure/q3_fixed_point_1_2.png
=======================================================
Coeffients:
start point = 4
alpha = 1
epsilon = 1e-06
max iteration = 50
-------------------------------------------------------
x_opt = 2.641506363246001
Fuction(x_opt) = -74.3885897122095
Iter   x            f(x)         |f(x*) - f(x)|
-------------------------------------------------------
0      4.000000     -77.690581   3.301992    
1      -2.556115    -80.970104   6.581514    
2      5.499754     -91.067135   16.678545   
3      -3.552299    -90.024167   15.635577   
4      5.447318     -90.590037   16.201447   
5      -3.697386    -91.311952   16.923362   
6      5.050368     -86.846028   12.457438   
7      -4.590009    -98.375376   23.986786   
8      2.522977     -74.428870   0.040281    
9      2.902708     -74.369135   0.019454    
10     2.690871     -74.375852   0.012738    
11     2.917008     -74.372452   0.016137    
12     2.664690     -74.382231   0.006359    
13     2.925181     -74.374611   0.013978    
14     2.649075     -74.386445   0.002144    
15     2.928132     -74.375439   0.013151    
16     2.643319     -74.388070   0.000519    
17     2.928864     -74.375648   0.012941    
18     2.641882     -74.388482   0.000108    
19     2.929017     -74.375692   0.012897    
20     2.641581     -74.388568   0.000022    
21     2.929048     -74.375701   0.012889    
22     2.641521     -74.388585   0.000004    
23     2.929054     -74.375703   0.012887    
24     2.641509     -74.388589   0.000001    
25     2.929055     -74.375703   0.012887    
26     2.641507     -74.388590   0.000000    
27     2.929055     -74.375703   0.012887    
28     2.641506     -74.388590   0.000000    
29     2.929055     -74.375703   0.012887    
30     2.641506     -74.388590   0.000000    
31     2.929055     -74.375703   0.012887    
32     2.641506     -74.388590   0.000000    
33     2.929055     -74.375703   0.012887    
34     2.641506     -74.388590   0.000000    
35     2.929055     -74.375703   0.012887    
36     2.641506     -74.388590   0.000000    
37     2.929055     -74.375703   0.012887    
38     2.641506     -74.388590   0.000000    
39     2.929055     -74.375703   0.012887    
40     2.641506     -74.388590   0.000000    
41     2.929055     -74.375703   0.012887    
42     2.641506     -74.388590   0.000000    
43     2.929055     -74.375703   0.012887    
44     2.641506     -74.388590   0.000000    
45     2.929055     -74.375703   0.012887    
46     2.641506     -74.388590   0.000000    
47     2.929055     -74.375703   0.012887    
48     2.641506     -74.388590   0.000000    
49     2.929055     -74.375703   0.012887    
50     2.641506     -74.388590   0.000000    
=======================================================



Figure saved to: figure/q3_fixed_point_2_1.png
=======================================================
Coeffients:
start point = -1
alpha = 0.64
epsilon = 1e-06
max iteration = 50
-------------------------------------------------------
x_opt = -0.2229195835419981
Fuction(x_opt) = -72.91725778003662
Iter   x            f(x)         |f(x*) - f(x)|
-------------------------------------------------------
0      -1.000000    -73.733690   0.816432    
1      0.229706     -73.186632   0.269374    
2      -0.550605    -73.095785   0.178527    
3      0.055527     -73.011691   0.094433    
4      -0.435746    -73.001939   0.084682    
5      0.000459     -72.973934   0.056676    
6      -0.385098    -72.970639   0.053381    
7      -0.031070    -72.956470   0.039213    
8      -0.354343    -72.954875   0.037617    
9      -0.052563    -72.946334   0.029077    
10     -0.332892    -72.945386   0.028128    
11     -0.068596    -72.939715   0.022457    
12     -0.316716    -72.939069   0.021811    
13     -0.081238    -72.935065   0.017807    
14     -0.303892    -72.934582   0.017324    
15     -0.091589    -72.931633   0.014375    
16     -0.293365    -72.931248   0.013990    
17     -0.100296    -72.929007   0.011749    
18     -0.284502    -72.928687   0.011429    
19     -0.107771    -72.926944   0.009686    
20     -0.276894    -72.926670   0.009412    
21     -0.114289    -72.925288   0.008031    
22     -0.270263    -72.925049   0.007792    
23     -0.120044    -72.923938   0.006680    
24     -0.264413    -72.923727   0.006469    
25     -0.125178    -72.922821   0.005564    
26     -0.259202    -72.922633   0.005375    
27     -0.129795    -72.921888   0.004630    
28     -0.254521    -72.921719   0.004461    
29     -0.133976    -72.921101   0.003843    
30     -0.250289    -72.920948   0.003690    
31     -0.137783    -72.920432   0.003174    
32     -0.246440    -72.920294   0.003036    
33     -0.141268    -72.919859   0.002601    
34     -0.242923    -72.919734   0.002476    
35     -0.144471    -72.919366   0.002109    
36     -0.239695    -72.919253   0.001995    
37     -0.147425    -72.918941   0.001683    
38     -0.236722    -72.918838   0.001580    
39     -0.150157    -72.918571   0.001313    
40     -0.233977    -72.918478   0.001220    
41     -0.152692    -72.918249   0.000991    
42     -0.231434    -72.918165   0.000907    
43     -0.155048    -72.917968   0.000710    
44     -0.229073    -72.917891   0.000633    
45     -0.157243    -72.917722   0.000464    
46     -0.226877    -72.917652   0.000394    
47     -0.159291    -72.917505   0.000248    
48     -0.224830    -72.917442   0.000184    
49     -0.161205    -72.917315   0.000057    
50     -0.222920    -72.917258   0.000000    
=======================================================



Figure saved to: figure/q3_fixed_point_2_2.png
=======================================================
Coeffients:
start point = 4
alpha = 0.64
epsilon = 1e-06
max iteration = 50
-------------------------------------------------------
x_opt = -0.19137711089878887
Fuction(x_opt) = -72.91582089055623
Iter   x            f(x)         |f(x*) - f(x)|
-------------------------------------------------------
0      4.000000     -77.690581   4.774761    
1      -0.195914    -72.915840   0.000019    
2      -0.188767    -72.915839   0.000018    
3      -0.195714    -72.915838   0.000017    
4      -0.188960    -72.915837   0.000016    
5      -0.195526    -72.915836   0.000015    
6      -0.189142    -72.915835   0.000014    
7      -0.195348    -72.915834   0.000013    
8      -0.189315    -72.915833   0.000012    
9      -0.195180    -72.915833   0.000012    
10     -0.189478    -72.915832   0.000011    
11     -0.195021    -72.915831   0.000010    
12     -0.189632    -72.915830   0.000010    
13     -0.194871    -72.915830   0.000009    
14     -0.189777    -72.915829   0.000008    
15     -0.194729    -72.915829   0.000008    
16     -0.189915    -72.915828   0.000007    
17     -0.194595    -72.915828   0.000007    
18     -0.190045    -72.915827   0.000006    
19     -0.194468    -72.915827   0.000006    
20     -0.190168    -72.915827   0.000006    
21     -0.194349    -72.915826   0.000005    
22     -0.190284    -72.915826   0.000005    
23     -0.194236    -72.915825   0.000005    
24     -0.190394    -72.915825   0.000004    
25     -0.194129    -72.915825   0.000004    
26     -0.190497    -72.915825   0.000004    
27     -0.194028    -72.915824   0.000003    
28     -0.190596    -72.915824   0.000003    
29     -0.193932    -72.915824   0.000003    
30     -0.190688    -72.915824   0.000003    
31     -0.193842    -72.915823   0.000002    
32     -0.190776    -72.915823   0.000002    
33     -0.193756    -72.915823   0.000002    
34     -0.190859    -72.915823   0.000002    
35     -0.193676    -72.915823   0.000002    
36     -0.190937    -72.915822   0.000002    
37     -0.193600    -72.915822   0.000001    
38     -0.191011    -72.915822   0.000001    
39     -0.193528    -72.915822   0.000001    
40     -0.191081    -72.915822   0.000001    
41     -0.193459    -72.915822   0.000001    
42     -0.191147    -72.915822   0.000001    
43     -0.193395    -72.915822   0.000001    
44     -0.191209    -72.915821   0.000001    
45     -0.193334    -72.915821   0.000000    
46     -0.191269    -72.915821   0.000000    
47     -0.193277    -72.915821   0.000000    
48     -0.191324    -72.915821   0.000000    
49     -0.193223    -72.915821   0.000000    
50     -0.191377    -72.915821   0.000000    
=======================================================



Figure saved to: figure/q3_fixed_point_3_1.png
=======================================================
Coeffients:
start point = -1
alpha = 0.25
epsilon = 1e-06
max iteration = 50
-------------------------------------------------------
x_opt = -0.19228666363422142
Fuction(x_opt) = -72.91581961584612
Iter   x            f(x)         |f(x*) - f(x)|
-------------------------------------------------------
0      -1.000000    -73.733690   0.817870    
1      -0.519646    -73.067518   0.151699    
2      -0.299985    -72.933308   0.017488    
3      -0.219834    -72.916983   0.001164    
4      -0.198766    -72.915884   0.000065    
5      -0.193782    -72.915823   0.000003    
6      -0.192630    -72.915820   0.000000    
7      -0.192366    -72.915820   0.000000    
8      -0.192305    -72.915820   0.000000    
9      -0.192291    -72.915820   0.000000    
10     -0.192288    -72.915820   0.000000    
11     -0.192287    -72.915820   0.000000    
12     -0.192287    -72.915820   0.000000    
=======================================================



Figure saved to: figure/q3_fixed_point_3_2.png
=======================================================
Coeffients:
start point = 4
alpha = 0.25
epsilon = 1e-06
max iteration = 50
-------------------------------------------------------
x_opt = 2.817470187513568
Fuction(x_opt) = -74.36046133421823
Iter   x            f(x)         |f(x*) - f(x)|
-------------------------------------------------------
0      4.000000     -77.690581   3.330120    
1      2.360971     -74.493475   0.133014    
2      2.461058     -74.453106   0.092645    
3      2.561110     -74.414780   0.054318    
4      2.650636     -74.386011   0.025550    
5      2.719952     -74.369888   0.009427    
6      2.765735     -74.363247   0.002786    
7      2.791929     -74.361159   0.000698    
8      2.805409     -74.360619   0.000158    
9      2.811909     -74.360495   0.000034    
10     2.814937     -74.360468   0.000007    
11     2.816323     -74.360463   0.000001    
12     2.816953     -74.360462   0.000000    
13     2.817238     -74.360461   0.000000    
14     2.817366     -74.360461   0.000000    
15     2.817424     -74.360461   0.000000    
16     2.817451     -74.360461   0.000000    
17     2.817462     -74.360461   0.000000    
18     2.817468     -74.360461   0.000000    
19     2.817470     -74.360461   0.000000    
=======================================================



