Figure saved to: figure/q3_secant_1.png
=======================================================
Coeffients:
start point = (-2, -1)
epsilon = 1e-06
max iteration = 50
-------------------------------------------------------
x_opt = -0.19228649371412118
Fuction(x_opt) = -72.91581961584615
Iter   x            f(x)         |f(x*) - f(x)|
-------------------------------------------------------
0      -2.000000    -77.253757   4.337937    
1      -1.000000    -73.733690   0.817870    
2      -0.441206    -73.005697   0.089877    
3      -0.124564    -72.922951   0.007131    
4      -0.198402    -72.915877   0.000058    
5      -0.192366    -72.915820   0.000000    
6      -0.192286    -72.915820   0.000000    
=======================================================



Figure saved to: figure/q3_secant_2.png
=======================================================
Coeffients:
start point = (2, 1)
epsilon = 1e-06
max iteration = 50
-------------------------------------------------------
x_opt = 1.7135877575475247
Fuction(x_opt) = -74.64201640183579
Iter   x            f(x)         |f(x*) - f(x)|
-------------------------------------------------------
0      2.000000     -74.609803   0.032214    
1      1.000000     -74.294976   0.347040    
2      1.837364     -74.635629   0.006387    
3      1.767868     -74.640746   0.001270    
4      1.708696     -74.642006   0.000011    
5      1.713807     -74.642016   0.000000    
6      1.713588     -74.642016   0.000000    
=======================================================



