============================================================
Coeffients:
start point = [0.1, 0.1]
epsilon = 1e-06
max iteration = 50
------------------------------------------------------------
x_opt = [1.09715253 0.93755458]
Fuction(x_opt) = -23.255056797983503
Iter   x                         f(x)         |f(x*) - f(x)|
------------------------------------------------------------
0      0.100000     0.100000     -89.165071   65.910015   
1      0.190908     0.189427     -63.580165   40.325109   
2      0.348673     0.340884     -43.046853   19.791796   
3      0.586737     0.558634     -29.810748   6.555691    
4      0.860054     0.785844     -24.283035   1.027978    
5      1.046198     0.914136     -23.290737   0.035680    
6      1.094831     0.937146     -23.255111   0.000054    
7      1.097148     0.937555     -23.255057   0.000000    
8      1.097153     0.937555     -23.255057   0.000000    
9      1.097153     0.937555     -23.255057   0.000000    
============================================================

Fisher information matrix at x_opt:
[[16.41206014  9.38981772]
 [ 9.38981772  7.88000809]]

Standard error:
[0.43755597 0.63146871]
