===========================================================================
Coeffients:
start point = [0.1 0.1]
initial learning rate = 1
epsilon = 1e-06
max iteration = 300
---------------------------------------------------------------------------
x_opt = [1.09715174 0.93755642]
Fuction(x_opt) = -23.255056797989337
Iter   lr           x                         f(x)         |f(x*) - f(x)|
---------------------------------------------------------------------------
0      1.0000       0.100000     0.100000     -89.165071   65.910015   
1      0.0156       4.044035     2.648153     -76.602754   53.347697   
2      0.1250       1.676730     1.105630     -26.247686   2.992629    
3      0.0625       1.185396     0.804309     -23.285743   0.030686    
4      0.5000       1.075270     0.961200     -23.256647   0.001590    
5      0.0625       1.084755     0.961539     -23.255993   0.000936    
6      0.1250       1.083418     0.951102     -23.255693   0.000636    
7      0.0625       1.090074     0.951968     -23.255399   0.000342    
8      0.1250       1.088464     0.945249     -23.255322   0.000265    
9      0.0625       1.093160     0.946243     -23.255184   0.000127    
10     0.1250       1.091607     0.941872     -23.255172   0.000115    
11     0.0625       1.094937     0.942810     -23.255105   0.000048    
12     0.0625       1.094258     0.941373     -23.255086   0.000029    
13     0.1250       1.095948     0.940744     -23.255076   0.000019    
14     0.0625       1.095390     0.939792     -23.255067   0.000011    
15     0.1250       1.096518     0.939499     -23.255064   0.000008    
16     0.0625       1.096073     0.938861     -23.255061   0.000004    
17     0.1250       1.096835     0.938746     -23.255060   0.000003    
18     0.0625       1.096488     0.938315     -23.255058   0.000001    
19     0.1250       1.097007     0.938290     -23.255058   0.000001    
20     0.0625       1.096741     0.937995     -23.255057   0.000001    
21     0.0625       1.096919     0.938003     -23.255057   0.000000    
22     0.1250       1.096895     0.937808     -23.255057   0.000000    
23     0.0625       1.097019     0.937824     -23.255057   0.000000    
24     0.1250       1.096990     0.937699     -23.255057   0.000000    
25     0.0625       1.097077     0.937717     -23.255057   0.000000    
26     0.1250       1.097049     0.937636     -23.255057   0.000000    
27     0.0625       1.097111     0.937653     -23.255057   0.000000    
28     0.0625       1.097098     0.937626     -23.255057   0.000000    
29     0.1250       1.097130     0.937614     -23.255057   0.000000    
30     0.0625       1.097120     0.937597     -23.255057   0.000000    
31     0.1250       1.097140     0.937591     -23.255057   0.000000    
32     0.0625       1.097132     0.937579     -23.255057   0.000000    
33     0.1250       1.097146     0.937577     -23.255057   0.000000    
34     0.0625       1.097140     0.937569     -23.255057   0.000000    
35     0.1250       1.097150     0.937568     -23.255057   0.000000    
36     0.0625       1.097145     0.937563     -23.255057   0.000000    
37     0.0625       1.097148     0.937563     -23.255057   0.000000    
38     0.1250       1.097148     0.937559     -23.255057   0.000000    
39     0.0625       1.097150     0.937560     -23.255057   0.000000    
40     0.1250       1.097150     0.937557     -23.255057   0.000000    
41     0.0625       1.097151     0.937558     -23.255057   0.000000    
42     0.1250       1.097151     0.937556     -23.255057   0.000000    
43     0.0625       1.097152     0.937556     -23.255057   0.000000    
===========================================================================

Fisher information matrix at x_opt:
[[16.41205881  9.38981475]
 [ 9.38981475  7.88000407]]

Standard error:
[0.43755597 0.63146884]
