Start point: [0.1, 0.1]
===========================================================================
Coeffients:
start point = [0.1 0.1]
initial learning rate = 1
epsilon = 1e-06
max iteration = 300
step halving = True
---------------------------------------------------------------------------
x_opt = [1.09715253 0.93755458]
Fuction(x_opt) = -23.255056797983507
Iter   lr           x                         f(x)         |f(x*) - f(x)|
---------------------------------------------------------------------------
0      1.0000       0.100000     0.100000     -89.165071   65.910015   
1      1.0000       1.117785     0.906284     -23.256749   0.001692    
2      1.0000       1.115827     0.909310     -23.256439   0.001383    
3      1.0000       1.097361     0.937758     -23.255058   0.000001    
4      1.0000       1.097361     0.937710     -23.255058   0.000001    
5      1.0000       1.097152     0.937555     -23.255057   0.000000    
6      1.0000       1.097153     0.937555     -23.255057   0.000000    
===========================================================================

Fisher information matrix at x_opt:
[[16.41206014  9.38981772]
 [ 9.38981772  7.88000809]]

Standard error:
[0.43755597 0.63146871]


Start point: [0.2, 0.2]
===========================================================================
Coeffients:
start point = [0.2 0.2]
initial learning rate = 1
epsilon = 1e-06
max iteration = 300
step halving = True
---------------------------------------------------------------------------
x_opt = [1.09715253 0.93755458]
Fuction(x_opt) = -23.2550567979835
Iter   lr           x                         f(x)         |f(x*) - f(x)|
---------------------------------------------------------------------------
0      1.0000       0.200000     0.200000     -61.730301   38.475244   
1      1.0000       1.117785     0.906284     -23.256749   0.001692    
2      1.0000       1.113869     0.912335     -23.256161   0.001104    
3      1.0000       1.097331     0.937733     -23.255057   0.000001    
4      1.0000       1.097315     0.937679     -23.255057   0.000000    
5      1.0000       1.097152     0.937555     -23.255057   0.000000    
6      1.0000       1.097153     0.937555     -23.255057   0.000000    
===========================================================================

Fisher information matrix at x_opt:
[[16.41206014  9.38981772]
 [ 9.38981772  7.88000809]]

Standard error:
[0.43755597 0.63146871]


Start point: [0.1, 0.1]
===========================================================================
Coeffients:
start point = [0.1 0.1]
initial learning rate = 1
epsilon = 1e-06
max iteration = 300
step halving = False
---------------------------------------------------------------------------
x_opt = [1.09715253 0.93755458]
Fuction(x_opt) = -23.255056797983507
Iter   lr           x                         f(x)         |f(x*) - f(x)|
---------------------------------------------------------------------------
0      1.0000       0.100000     0.100000     -89.165071   65.910015   
1      1.0000       1.117785     0.906284     -23.256749   0.001692    
2      1.0000       1.115827     0.909310     -23.256439   0.001383    
3      1.0000       1.097361     0.937758     -23.255058   0.000001    
4      1.0000       1.097361     0.937710     -23.255058   0.000001    
5      1.0000       1.097152     0.937555     -23.255057   0.000000    
6      1.0000       1.097153     0.937555     -23.255057   0.000000    
===========================================================================

Fisher information matrix at x_opt:
[[16.41206014  9.38981772]
 [ 9.38981772  7.88000809]]

Standard error:
[0.43755597 0.63146871]


Start point: [0.2, 0.2]
===========================================================================
Coeffients:
start point = [0.2 0.2]
initial learning rate = 1
epsilon = 1e-06
max iteration = 300
step halving = False
---------------------------------------------------------------------------
x_opt = [1.09715253 0.93755458]
Fuction(x_opt) = -23.2550567979835
Iter   lr           x                         f(x)         |f(x*) - f(x)|
---------------------------------------------------------------------------
0      1.0000       0.200000     0.200000     -61.730301   38.475244   
1      1.0000       1.117785     0.906284     -23.256749   0.001692    
2      1.0000       1.113869     0.912335     -23.256161   0.001104    
3      1.0000       1.097331     0.937733     -23.255057   0.000001    
4      1.0000       1.097315     0.937679     -23.255057   0.000000    
5      1.0000       1.097152     0.937555     -23.255057   0.000000    
6      1.0000       1.097153     0.937555     -23.255057   0.000000    
===========================================================================

Fisher information matrix at x_opt:
[[16.41206014  9.38981772]
 [ 9.38981772  7.88000809]]

Standard error:
[0.43755597 0.63146871]


