============================================================
Coeffients:
start point = [0.1 0.1]
initial learning rate = 0.011
epsilon = 1e-06
max iteration = 120
repeat = False
Epoch = 4
------------------------------------------------------------
x_opt = [0.86524253 0.79144667], Function(x_opt) = -24.225811295046814, Iteration = 114
x_last = [0.85886952 0.79056323], Function(x_last) = -24.271094, Iteration = 120
------------------------------------------------------------
Iter   x                         f(x)         |f(x*) - f(x)|
------------------------------------------------------------
0      0.100000     0.100000     -89.165071   64.893977   
10     0.452017     0.375193     -37.279836   13.008741   
20     0.589388     0.514207     -30.390768   6.119673    
30     0.663730     0.569873     -28.171569   3.900475    
40     0.753427     0.626249     -26.277074   2.005980    
50     0.799797     0.642982     -25.608326   1.337232    
60     0.840543     0.679864     -24.969771   0.698677    
70     0.777343     0.662552     -25.710220   1.439125    
80     0.799357     0.695767     -25.253716   0.982622    
90     0.833494     0.733209     -24.729495   0.458401    
100    0.831630     0.768061     -24.567281   0.296187    
110    0.812528     0.764040     -24.739882   0.468787    
120    0.858870     0.790563     -24.271094   0.000000    
============================================================
Figure saved to: figure/q4_BatchSGD.png



============================================================
Coeffients:
start point = [0.1 0.1]
initial learning rate = 0.011
epsilon = 1e-06
max iteration = 120
repeat = False
Epoch = 4
------------------------------------------------------------
x_opt = [1.12876088 0.88140971], Function(x_opt) = -23.260207881837587, Iteration = 76
x_last = [1.38185013 0.95906828], Function(x_last) = -23.906430, Iteration = 120
------------------------------------------------------------
Iter   x                         f(x)         |f(x*) - f(x)|
------------------------------------------------------------
0      0.100000     0.100000     -89.165071   65.258641   
10     0.668065     0.446564     -29.681688   5.775258    
20     0.851526     0.543144     -25.809742   1.903311    
30     1.019094     0.644697     -23.949763   0.043333    
40     1.178451     0.760055     -23.310051   0.596379    
50     1.218109     0.774398     -23.305703   0.600728    
60     1.199271     0.821943     -23.288390   0.618040    
70     1.203108     0.895248     -23.312647   0.593783    
80     1.134750     0.873566     -23.261789   0.644642    
90     1.216950     0.924644     -23.356094   0.550336    
100    1.320425     0.960469     -23.677132   0.229298    
110    1.320107     0.955460     -23.666299   0.240131    
120    1.381850     0.959068     -23.906430   0.000000    
============================================================
Figure saved to: figure/q4_MomentumSGD.png



============================================================
Coeffients:
start point = [0.1 0.1]
initial learning rate = 0.011
epsilon = 1e-06
max iteration = 120
repeat = False
Epoch = 4
------------------------------------------------------------
x_opt = [1.01181961 1.07294387], Function(x_opt) = -23.286000823234623, Iteration = 119
x_last = [1.01434614 1.07536341], Function(x_last) = -23.286319, Iteration = 120
------------------------------------------------------------
Iter   x                         f(x)         |f(x*) - f(x)|
------------------------------------------------------------
0      0.100000     0.100000     -89.165071   65.878752   
10     0.243429     0.270047     -53.166537   29.880218   
20     0.317424     0.337469     -44.936912   21.650593   
30     0.418875     0.476954     -36.063193   12.776874   
40     0.468887     0.610198     -31.902842   8.616522    
50     0.575847     0.702102     -28.268952   4.982633    
60     0.643372     0.768072     -26.565192   3.278873    
70     0.755725     0.849333     -24.788647   1.502328    
80     0.838487     0.948893     -23.855113   0.568794    
90     0.912321     1.031408     -23.431660   0.145341    
100    0.953025     1.076007     -23.329391   0.043072    
110    0.987453     1.082549     -23.298000   0.011681    
120    1.014346     1.075363     -23.286319   0.000000    
============================================================
Figure saved to: figure/q4_RMSPropMomentumSGD.png



Figure saved to: figure/q4_compare.png
