# SIS: Sequential Importance Sampling #
======================================================================
E(z|y) estimation:
[0.11350457 0.12931807 0.12508155 0.15966552 0.15004388 0.05632466
 0.05108197 0.07333615 0.07051546 0.11472685 0.18265472 0.56590172
 0.70428184 0.75651771 0.77741359 0.85319323 0.86074628 0.8512351
 0.82496692 0.83997323 0.79198827 0.85616785 0.93571645 0.96085206
 0.96995844 0.97860942 0.98238927 0.98276485 0.97543642 0.97362107
 0.97339584 0.97636452 0.96916559 0.8871059  0.80920213 0.78874169
 0.70915172 0.79745143 0.8038221  0.89295492 0.86392264 0.87864598
 0.89579733 0.92174129 0.92351361 0.91116971 0.8912103  0.82813125
 0.81525615 0.81564783 0.88622624 0.90289421 0.90145294 0.89695578
 0.89896148 0.88019301 0.92882553 0.95794615 0.96120758 0.96201495
 0.95772465 0.94147816 0.93855351 0.95433606 0.95292331 0.94915607
 0.84720655 0.93851076 0.94467979 0.96865068 0.9688387  0.96686827
 0.96414994 0.95630147 0.94508372 0.90385746 0.81730941 0.74864926
 0.55808597 0.51589868 0.28526826 0.22175013 0.25303914 0.28119909
 0.27781565 0.232005   0.29009848 0.31362497 0.30178874 0.27055018
 0.26719253 0.39581317 0.42864049 0.41254045 0.48308246 0.49351777
 0.52122857 0.46407814 0.52128732 0.49663001]

Efective Sample Size (ESS): 57.2476
----------------------------------------------------------------------

arg max P(z|y):
[1 1 1 1 1 0 0 0 0 0 0 0 0 0 0 1 1 1 1 1 1 1 1 1 1 1 1 1 1 1 1 1 1 1 1 1 1
 1 1 1 1 1 1 1 1 1 1 1 1 1 1 1 1 1 1 1 1 1 1 1 1 1 1 1 1 1 0 1 1 1 1 1 1 1
 1 1 1 1 0 0 0 0 0 0 0 0 0 0 0 0 0 0 0 0 0 0 0 0 0 0]

Error num: 12
Accuracy:  88.0%
======================================================================

# SIS: Sequential Importance Sampling with Particle Filter #
======================================================================
E(z|y) estimation:
[0.0640977  0.10337403 0.09047617 0.1529334  0.14736132 0.06951759
 0.06698833 0.08607109 0.06486448 0.09689565 0.21573147 0.55963974
 0.73817466 0.82130247 0.87674378 0.87950724 0.87571803 0.84201583
 0.7968693  0.80704013 0.79448027 0.87247053 0.93456313 0.94768563
 0.97431679 0.97829418 0.97811727 0.97906577 0.98316312 0.9709218
 0.96513679 0.95603275 0.93876379 0.89024484 0.82662436 0.81648912
 0.81319982 0.855496   0.87818989 0.87961749 0.86340376 0.90454324
 0.92990598 0.93438292 0.92043007 0.89059217 0.87441671 0.82290353
 0.82742194 0.81364997 0.88113128 0.90423337 0.92515477 0.92842438
 0.91947028 0.90166711 0.93753698 0.94638283 0.94773466 0.94318666
 0.92871519 0.90971235 0.94059448 0.94639737 0.94333614 0.92481316
 0.90823937 0.9391236  0.9533017  0.96401036 0.96980987 0.96926845
 0.9543047  0.94367038 0.92421126 0.88539106 0.80179857 0.64362848
 0.45678264 0.37540675 0.22088194 0.17833124 0.19562879 0.29530591
 0.32838726 0.32324581 0.39593898 0.42539627 0.40238043 0.31913925
 0.32038549 0.4258048  0.45451172 0.4359303  0.50742851 0.51538795
 0.49590153 0.40239456 0.41488183 0.38373556]

Efective Sample Size (ESS): 2562.3117
----------------------------------------------------------------------

arg max P(z|y):
[0 0 0 0 0 0 0 0 0 0 0 0 1 1 1 1 1 1 1 1 1 1 1 1 1 1 1 1 1 1 1 1 1 1 1 1 1
 1 1 1 1 1 1 1 1 1 1 1 1 1 1 1 1 1 1 1 1 1 1 1 1 1 1 1 1 1 1 1 1 1 1 1 0 1
 1 1 0 0 0 0 0 0 0 1 1 1 1 1 1 0 0 0 0 0 1 1 1 0 0 0]

Error num: 15
Accuracy:  85.0%
======================================================================
